{"total": {"lines":{"total":258,"covered":253,"skipped":0,"pct":98.06},"statements":{"total":298,"covered":286,"skipped":0,"pct":95.97},"functions":{"total":51,"covered":50,"skipped":0,"pct":98.03},"branches":{"total":110,"covered":93,"skipped":0,"pct":84.54},"branchesTrue":{"total":0,"covered":0,"skipped":0,"pct":100}}
,"/Users/zhanghao/Documents/trae_projects/2048/src/components/Board/Board.tsx": {"lines":{"total":40,"covered":36,"skipped":0,"pct":90},"functions":{"total":10,"covered":9,"skipped":0,"pct":90},"statements":{"total":46,"covered":38,"skipped":0,"pct":82.6},"branches":{"total":14,"covered":6,"skipped":0,"pct":42.85}}
,"/Users/zhanghao/Documents/trae_projects/2048/src/components/ScorePanel/ScorePanel.tsx": {"lines":{"total":11,"covered":11,"skipped":0,"pct":100},"functions":{"total":4,"covered":4,"skipped":0,"pct":100},"statements":{"total":13,"covered":13,"skipped":0,"pct":100},"branches":{"total":4,"covered":4,"skipped":0,"pct":100}}
,"/Users/zhanghao/Documents/trae_projects/2048/src/components/ThemeSwitcher/ThemeSwitcher.tsx": {"lines":{"total":10,"covered":10,"skipped":0,"pct":100},"functions":{"total":3,"covered":3,"skipped":0,"pct":100},"statements":{"total":10,"covered":10,"skipped":0,"pct":100},"branches":{"total":2,"covered":2,"skipped":0,"pct":100}}
,"/Users/zhanghao/Documents/trae_projects/2048/src/components/Tile/Tile.tsx": {"lines":{"total":5,"covered":5,"skipped":0,"pct":100},"functions":{"total":1,"covered":1,"skipped":0,"pct":100},"statements":{"total":5,"covered":5,"skipped":0,"pct":100},"branches":{"total":0,"covered":0,"skipped":0,"pct":100}}
,"/Users/zhanghao/Documents/trae_projects/2048/src/hooks/useGame.ts": {"lines":{"total":71,"covered":70,"skipped":0,"pct":98.59},"functions":{"total":11,"covered":11,"skipped":0,"pct":100},"statements":{"total":82,"covered":80,"skipped":0,"pct":97.56},"branches":{"total":36,"covered":29,"skipped":0,"pct":80.55}}
,"/Users/zhanghao/Documents/trae_projects/2048/src/utils/gameLogic.ts": {"lines":{"total":104,"covered":104,"skipped":0,"pct":100},"functions":{"total":16,"covered":16,"skipped":0,"pct":100},"statements":{"total":125,"covered":123,"skipped":0,"pct":98.4},"branches":{"total":48,"covered":46,"skipped":0,"pct":95.83}}
,"/Users/zhanghao/Documents/trae_projects/2048/src/utils/storage.ts": {"lines":{"total":17,"covered":17,"skipped":0,"pct":100},"functions":{"total":6,"covered":6,"skipped":0,"pct":100},"statements":{"total":17,"covered":17,"skipped":0,"pct":100},"branches":{"total":6,"covered":6,"skipped":0,"pct":100}}
}
