{"/Users/zhanghao/Documents/trae_projects/2048/src/components/Board/Board.tsx": {"path":"/Users/zhanghao/Documents/trae_projects/2048/src/components/Board/Board.tsx","statementMap":{"0":{"start":{"line":13,"column":43},"end":{"line":108,"column":null}},"1":{"start":{"line":14,"column":8},"end":{"line":14,"column":null}},"2":{"start":{"line":17,"column":8},"end":{"line":30,"column":null}},"3":{"start":{"line":19,"column":6},"end":{"line":22,"column":null}},"4":{"start":{"line":19,"column":25},"end":{"line":19,"column":null}},"5":{"start":{"line":19,"column":38},"end":{"line":22,"column":null}},"6":{"start":{"line":20,"column":29},"end":{"line":20,"column":null}},"7":{"start":{"line":20,"column":43},"end":{"line":22,"column":null}},"8":{"start":{"line":21,"column":30},"end":{"line":21,"column":null}},"9":{"start":{"line":21,"column":41},"end":{"line":22,"column":null}},"10":{"start":{"line":22,"column":29},"end":{"line":22,"column":null}},"11":{"start":{"line":33,"column":2},"end":{"line":57,"column":null}},"12":{"start":{"line":34,"column":26},"end":{"line":53,"column":null}},"13":{"start":{"line":35,"column":6},"end":{"line":52,"column":null}},"14":{"start":{"line":37,"column":10},"end":{"line":37,"column":null}},"15":{"start":{"line":38,"column":10},"end":{"line":38,"column":null}},"16":{"start":{"line":39,"column":10},"end":{"line":39,"column":null}},"17":{"start":{"line":41,"column":10},"end":{"line":41,"column":null}},"18":{"start":{"line":42,"column":10},"end":{"line":42,"column":null}},"19":{"start":{"line":43,"column":10},"end":{"line":43,"column":null}},"20":{"start":{"line":45,"column":10},"end":{"line":45,"column":null}},"21":{"start":{"line":46,"column":10},"end":{"line":46,"column":null}},"22":{"start":{"line":47,"column":10},"end":{"line":47,"column":null}},"23":{"start":{"line":49,"column":10},"end":{"line":49,"column":null}},"24":{"start":{"line":50,"column":10},"end":{"line":50,"column":null}},"25":{"start":{"line":51,"column":10},"end":{"line":51,"column":null}},"26":{"start":{"line":55,"column":4},"end":{"line":55,"column":null}},"27":{"start":{"line":56,"column":4},"end":{"line":56,"column":null}},"28":{"start":{"line":56,"column":17},"end":{"line":56,"column":null}},"29":{"start":{"line":60,"column":26},"end":{"line":66,"column":null}},"30":{"start":{"line":61,"column":18},"end":{"line":61,"column":null}},"31":{"start":{"line":62,"column":4},"end":{"line":64,"column":null}},"32":{"start":{"line":62,"column":17},"end":{"line":62,"column":20}},"33":{"start":{"line":63,"column":6},"end":{"line":63,"column":null}},"34":{"start":{"line":65,"column":4},"end":{"line":65,"column":null}},"35":{"start":{"line":69,"column":22},"end":{"line":91,"column":null}},"36":{"start":{"line":70,"column":38},"end":{"line":70,"column":null}},"37":{"start":{"line":72,"column":4},"end":{"line":86,"column":null}},"38":{"start":{"line":73,"column":6},"end":{"line":85,"column":null}},"39":{"start":{"line":75,"column":8},"end":{"line":80,"column":null}},"40":{"start":{"line":76,"column":10},"end":{"line":79,"column":null}},"41":{"start":{"line":82,"column":8},"end":{"line":82,"column":null}},"42":{"start":{"line":84,"column":8},"end":{"line":84,"column":null}},"43":{"start":{"line":88,"column":4},"end":{"line":90,"column":null}},"44":{"start":{"line":89,"column":6},"end":{"line":89,"column":null}},"45":{"start":{"line":93,"column":2},"end":{"line":106,"column":null}}},"fnMap":{"0":{"name":"(anonymous_0)","decl":{"start":{"line":13,"column":43},"end":{"line":13,"column":44}},"loc":{"start":{"line":13,"column":66},"end":{"line":108,"column":null}},"line":13},"1":{"name":"(anonymous_1)","decl":{"start":{"line":18,"column":4},"end":{"line":18,"column":5}},"loc":{"start":{"line":18,"column":37},"end":{"line":23,"column":null}},"line":18},"2":{"name":"(anonymous_2)","decl":{"start":{"line":33,"column":12},"end":{"line":33,"column":18}},"loc":{"start":{"line":33,"column":18},"end":{"line":57,"column":5}},"line":33},"3":{"name":"(anonymous_3)","decl":{"start":{"line":34,"column":26},"end":{"line":34,"column":27}},"loc":{"start":{"line":34,"column":48},"end":{"line":53,"column":null}},"line":34},"4":{"name":"(anonymous_4)","decl":{"start":{"line":56,"column":11},"end":{"line":56,"column":17}},"loc":{"start":{"line":56,"column":17},"end":{"line":56,"column":null}},"line":56},"5":{"name":"(anonymous_5)","decl":{"start":{"line":60,"column":26},"end":{"line":60,"column":32}},"loc":{"start":{"line":60,"column":32},"end":{"line":66,"column":null}},"line":60},"6":{"name":"(anonymous_6)","decl":{"start":{"line":69,"column":22},"end":{"line":69,"column":28}},"loc":{"start":{"line":69,"column":28},"end":{"line":91,"column":null}},"line":69},"7":{"name":"(anonymous_7)","decl":{"start":{"line":72,"column":18},"end":{"line":72,"column":26}},"loc":{"start":{"line":72,"column":26},"end":{"line":86,"column":5}},"line":72},"8":{"name":"(anonymous_8)","decl":{"start":{"line":75,"column":32},"end":{"line":75,"column":46}},"loc":{"start":{"line":75,"column":46},"end":{"line":80,"column":9}},"line":75},"9":{"name":"(anonymous_9)","decl":{"start":{"line":88,"column":29},"end":{"line":88,"column":null}},"loc":{"start":{"line":89,"column":6},"end":{"line":89,"column":null}},"line":89}},"branchMap":{"0":{"loc":{"start":{"line":19,"column":6},"end":{"line":22,"column":null}},"type":"if","locations":[{"start":{"line":19,"column":6},"end":{"line":22,"column":null}},{"start":{"line":19,"column":38},"end":{"line":22,"column":null}}],"line":19},"1":{"loc":{"start":{"line":19,"column":38},"end":{"line":22,"column":null}},"type":"if","locations":[{"start":{"line":19,"column":38},"end":{"line":22,"column":null}},{"start":{"line":20,"column":43},"end":{"line":22,"column":null}}],"line":19},"2":{"loc":{"start":{"line":20,"column":43},"end":{"line":22,"column":null}},"type":"if","locations":[{"start":{"line":20,"column":43},"end":{"line":22,"column":null}},{"start":{"line":21,"column":41},"end":{"line":22,"column":null}}],"line":20},"3":{"loc":{"start":{"line":21,"column":41},"end":{"line":22,"column":null}},"type":"if","locations":[{"start":{"line":21,"column":41},"end":{"line":22,"column":null}},{"start":{},"end":{}}],"line":21},"4":{"loc":{"start":{"line":35,"column":6},"end":{"line":52,"column":null}},"type":"switch","locations":[{"start":{"line":36,"column":8},"end":{"line":39,"column":null}},{"start":{"line":40,"column":8},"end":{"line":43,"column":null}},{"start":{"line":44,"column":8},"end":{"line":47,"column":null}},{"start":{"line":48,"column":8},"end":{"line":51,"column":null}}],"line":35},"5":{"loc":{"start":{"line":73,"column":6},"end":{"line":85,"column":null}},"type":"if","locations":[{"start":{"line":73,"column":6},"end":{"line":85,"column":null}},{"start":{"line":83,"column":13},"end":{"line":85,"column":null}}],"line":73}},"s":{"0":1,"1":10,"2":10,"3":0,"4":0,"5":0,"6":0,"7":0,"8":0,"9":0,"10":0,"11":10,"12":10,"13":5,"14":1,"15":1,"16":1,"17":1,"18":1,"19":1,"20":1,"21":1,"22":1,"23":1,"24":1,"25":1,"26":10,"27":10,"28":10,"29":10,"30":10,"31":10,"32":10,"33":160,"34":10,"35":10,"36":10,"37":10,"38":4,"39":1,"40":2,"41":1,"42":3,"43":10,"44":6,"45":10},"f":{"0":10,"1":0,"2":10,"3":5,"4":10,"5":10,"6":10,"7":4,"8":2,"9":6},"b":{"0":[0,0],"1":[0,0],"2":[0,0],"3":[0,0],"4":[1,1,1,1],"5":[1,3]},"meta":{"lastBranch":6,"lastFunction":10,"lastStatement":46,"seen":{"s:13:43:108:Infinity":0,"f:13:43:13:44":0,"s:14:8:14:Infinity":1,"s:17:8:30:Infinity":2,"f:18:4:18:5":1,"b:19:6:22:Infinity:19:38:22:Infinity":0,"s:19:6:22:Infinity":3,"s:19:25:19:Infinity":4,"b:19:38:22:Infinity:20:43:22:Infinity":1,"s:19:38:22:Infinity":5,"s:20:29:20:Infinity":6,"b:20:43:22:Infinity:21:41:22:Infinity":2,"s:20:43:22:Infinity":7,"s:21:30:21:Infinity":8,"b:21:41:22:Infinity:undefined:undefined:undefined:undefined":3,"s:21:41:22:Infinity":9,"s:22:29:22:Infinity":10,"s:33:2:57:Infinity":11,"f:33:12:33:18":2,"s:34:26:53:Infinity":12,"f:34:26:34:27":3,"b:36:8:39:Infinity:40:8:43:Infinity:44:8:47:Infinity:48:8:51:Infinity":4,"s:35:6:52:Infinity":13,"s:37:10:37:Infinity":14,"s:38:10:38:Infinity":15,"s:39:10:39:Infinity":16,"s:41:10:41:Infinity":17,"s:42:10:42:Infinity":18,"s:43:10:43:Infinity":19,"s:45:10:45:Infinity":20,"s:46:10:46:Infinity":21,"s:47:10:47:Infinity":22,"s:49:10:49:Infinity":23,"s:50:10:50:Infinity":24,"s:51:10:51:Infinity":25,"s:55:4:55:Infinity":26,"s:56:4:56:Infinity":27,"f:56:11:56:17":4,"s:56:17:56:Infinity":28,"s:60:26:66:Infinity":29,"f:60:26:60:32":5,"s:61:18:61:Infinity":30,"s:62:4:64:Infinity":31,"s:62:17:62:20":32,"s:63:6:63:Infinity":33,"s:65:4:65:Infinity":34,"s:69:22:91:Infinity":35,"f:69:22:69:28":6,"s:70:38:70:Infinity":36,"s:72:4:86:Infinity":37,"f:72:18:72:26":7,"b:73:6:85:Infinity:83:13:85:Infinity":5,"s:73:6:85:Infinity":38,"s:75:8:80:Infinity":39,"f:75:32:75:46":8,"s:76:10:79:Infinity":40,"s:82:8:82:Infinity":41,"s:84:8:84:Infinity":42,"s:88:4:90:Infinity":43,"f:88:29:88:Infinity":9,"s:89:6:89:Infinity":44,"s:93:2:106:Infinity":45}}}
,"/Users/zhanghao/Documents/trae_projects/2048/src/components/ScorePanel/ScorePanel.tsx": {"path":"/Users/zhanghao/Documents/trae_projects/2048/src/components/ScorePanel/ScorePanel.tsx","statementMap":{"0":{"start":{"line":9,"column":53},"end":{"line":46,"column":null}},"1":{"start":{"line":10,"column":40},"end":{"line":10,"column":null}},"2":{"start":{"line":19,"column":23},"end":{"line":19,"column":null}},"3":{"start":{"line":21,"column":2},"end":{"line":29,"column":null}},"4":{"start":{"line":22,"column":17},"end":{"line":22,"column":null}},"5":{"start":{"line":23,"column":4},"end":{"line":27,"column":null}},"6":{"start":{"line":24,"column":6},"end":{"line":24,"column":null}},"7":{"start":{"line":25,"column":20},"end":{"line":25,"column":null}},"8":{"start":{"line":25,"column":37},"end":{"line":25,"column":61}},"9":{"start":{"line":26,"column":6},"end":{"line":26,"column":null}},"10":{"start":{"line":26,"column":19},"end":{"line":26,"column":null}},"11":{"start":{"line":28,"column":4},"end":{"line":28,"column":null}},"12":{"start":{"line":31,"column":2},"end":{"line":44,"column":null}}},"fnMap":{"0":{"name":"(anonymous_0)","decl":{"start":{"line":9,"column":53},"end":{"line":9,"column":54}},"loc":{"start":{"line":9,"column":79},"end":{"line":46,"column":null}},"line":9},"1":{"name":"(anonymous_1)","decl":{"start":{"line":21,"column":12},"end":{"line":21,"column":18}},"loc":{"start":{"line":21,"column":18},"end":{"line":29,"column":5}},"line":21},"2":{"name":"(anonymous_2)","decl":{"start":{"line":25,"column":31},"end":{"line":25,"column":37}},"loc":{"start":{"line":25,"column":37},"end":{"line":25,"column":61}},"line":25},"3":{"name":"(anonymous_3)","decl":{"start":{"line":26,"column":13},"end":{"line":26,"column":19}},"loc":{"start":{"line":26,"column":19},"end":{"line":26,"column":null}},"line":26}},"branchMap":{"0":{"loc":{"start":{"line":23,"column":4},"end":{"line":27,"column":null}},"type":"if","locations":[{"start":{"line":23,"column":4},"end":{"line":27,"column":null}},{"start":{},"end":{}}],"line":23},"1":{"loc":{"start":{"line":36,"column":9},"end":{"line":37,"column":null}},"type":"binary-expr","locations":[{"start":{"line":36,"column":9},"end":{"line":36,"column":null}},{"start":{"line":37,"column":10},"end":{"line":37,"column":null}}],"line":36}},"s":{"0":1,"1":26,"2":26,"3":26,"4":18,"5":18,"6":5,"7":5,"8":2,"9":5,"10":5,"11":13,"12":26},"f":{"0":26,"1":18,"2":2,"3":5},"b":{"0":[5,13],"1":[26,5]},"meta":{"lastBranch":2,"lastFunction":4,"lastStatement":13,"seen":{"s:9:53:46:Infinity":0,"f:9:53:9:54":0,"s:10:40:10:Infinity":1,"s:19:23:19:Infinity":2,"s:21:2:29:Infinity":3,"f:21:12:21:18":1,"s:22:17:22:Infinity":4,"b:23:4:27:Infinity:undefined:undefined:undefined:undefined":0,"s:23:4:27:Infinity":5,"s:24:6:24:Infinity":6,"s:25:20:25:Infinity":7,"f:25:31:25:37":2,"s:25:37:25:61":8,"s:26:6:26:Infinity":9,"f:26:13:26:19":3,"s:26:19:26:Infinity":10,"s:28:4:28:Infinity":11,"s:31:2:44:Infinity":12,"b:36:9:36:Infinity:37:10:37:Infinity":1}}}
,"/Users/zhanghao/Documents/trae_projects/2048/src/components/ThemeSwitcher/ThemeSwitcher.tsx": {"path":"/Users/zhanghao/Documents/trae_projects/2048/src/components/ThemeSwitcher/ThemeSwitcher.tsx","statementMap":{"0":{"start":{"line":5,"column":39},"end":{"line":24,"column":null}},"1":{"start":{"line":6,"column":22},"end":{"line":11,"column":null}},"2":{"start":{"line":7,"column":10},"end":{"line":7,"column":null}},"3":{"start":{"line":8,"column":17},"end":{"line":8,"column":null}},"4":{"start":{"line":9,"column":4},"end":{"line":9,"column":null}},"5":{"start":{"line":10,"column":4},"end":{"line":10,"column":null}},"6":{"start":{"line":14,"column":2},"end":{"line":17,"column":null}},"7":{"start":{"line":15,"column":10},"end":{"line":15,"column":null}},"8":{"start":{"line":16,"column":4},"end":{"line":16,"column":null}},"9":{"start":{"line":19,"column":2},"end":{"line":22,"column":null}}},"fnMap":{"0":{"name":"(anonymous_0)","decl":{"start":{"line":5,"column":39},"end":{"line":5,"column":45}},"loc":{"start":{"line":5,"column":45},"end":{"line":24,"column":null}},"line":5},"1":{"name":"(anonymous_1)","decl":{"start":{"line":6,"column":22},"end":{"line":6,"column":28}},"loc":{"start":{"line":6,"column":28},"end":{"line":11,"column":null}},"line":6},"2":{"name":"(anonymous_2)","decl":{"start":{"line":14,"column":18},"end":{"line":14,"column":24}},"loc":{"start":{"line":14,"column":24},"end":{"line":17,"column":5}},"line":14}},"branchMap":{"0":{"loc":{"start":{"line":8,"column":17},"end":{"line":8,"column":null}},"type":"cond-expr","locations":[{"start":{"line":8,"column":39},"end":{"line":8,"column":48}},{"start":{"line":8,"column":48},"end":{"line":8,"column":null}}],"line":8}},"s":{"0":1,"1":8,"2":5,"3":5,"4":5,"5":5,"6":8,"7":8,"8":8,"9":8},"f":{"0":8,"1":5,"2":8},"b":{"0":[3,2]},"meta":{"lastBranch":1,"lastFunction":3,"lastStatement":10,"seen":{"s:5:39:24:Infinity":0,"f:5:39:5:45":0,"s:6:22:11:Infinity":1,"f:6:22:6:28":1,"s:7:10:7:Infinity":2,"s:8:17:8:Infinity":3,"b:8:39:8:48:8:48:8:Infinity":0,"s:9:4:9:Infinity":4,"s:10:4:10:Infinity":5,"s:14:2:17:Infinity":6,"f:14:18:14:24":2,"s:15:10:15:Infinity":7,"s:16:4:16:Infinity":8,"s:19:2:22:Infinity":9}}}
,"/Users/zhanghao/Documents/trae_projects/2048/src/components/Tile/Tile.tsx": {"path":"/Users/zhanghao/Documents/trae_projects/2048/src/components/Tile/Tile.tsx","statementMap":{"0":{"start":{"line":10,"column":41},"end":{"line":32,"column":null}},"1":{"start":{"line":11,"column":49},"end":{"line":11,"column":null}},"2":{"start":{"line":14,"column":16},"end":{"line":17,"column":null}},"3":{"start":{"line":19,"column":8},"end":{"line":23,"column":null}},"4":{"start":{"line":25,"column":2},"end":{"line":30,"column":null}}},"fnMap":{"0":{"name":"(anonymous_0)","decl":{"start":{"line":10,"column":41},"end":{"line":10,"column":42}},"loc":{"start":{"line":10,"column":55},"end":{"line":32,"column":null}},"line":10}},"branchMap":{},"s":{"0":2,"1":25,"2":25,"3":25,"4":25},"f":{"0":25},"b":{},"meta":{"lastBranch":0,"lastFunction":1,"lastStatement":5,"seen":{"s:10:41:32:Infinity":0,"f:10:41:10:42":0,"s:11:49:11:Infinity":1,"s:14:16:17:Infinity":2,"s:19:8:23:Infinity":3,"s:25:2:30:Infinity":4}}}
,"/Users/zhanghao/Documents/trae_projects/2048/src/hooks/useGame.ts": {"path":"/Users/zhanghao/Documents/trae_projects/2048/src/hooks/useGame.ts","statementMap":{"0":{"start":{"line":20,"column":23},"end":{"line":130,"column":null}},"1":{"start":{"line":21,"column":24},"end":{"line":21,"column":null}},"2":{"start":{"line":22,"column":24},"end":{"line":22,"column":null}},"3":{"start":{"line":23,"column":37},"end":{"line":23,"column":null}},"4":{"start":{"line":24,"column":22},"end":{"line":24,"column":null}},"5":{"start":{"line":25,"column":20},"end":{"line":25,"column":null}},"6":{"start":{"line":26,"column":36},"end":{"line":26,"column":null}},"7":{"start":{"line":28,"column":8},"end":{"line":48,"column":null}},"8":{"start":{"line":29,"column":10},"end":{"line":29,"column":null}},"9":{"start":{"line":35,"column":10},"end":{"line":35,"column":null}},"10":{"start":{"line":36,"column":4},"end":{"line":36,"column":null}},"11":{"start":{"line":36,"column":12},"end":{"line":36,"column":null}},"12":{"start":{"line":38,"column":10},"end":{"line":38,"column":null}},"13":{"start":{"line":40,"column":25},"end":{"line":40,"column":null}},"14":{"start":{"line":41,"column":4},"end":{"line":41,"column":null}},"15":{"start":{"line":41,"column":12},"end":{"line":41,"column":null}},"16":{"start":{"line":42,"column":4},"end":{"line":42,"column":null}},"17":{"start":{"line":42,"column":12},"end":{"line":42,"column":null}},"18":{"start":{"line":44,"column":4},"end":{"line":44,"column":null}},"19":{"start":{"line":45,"column":4},"end":{"line":45,"column":null}},"20":{"start":{"line":46,"column":4},"end":{"line":46,"column":null}},"21":{"start":{"line":47,"column":4},"end":{"line":47,"column":null}},"22":{"start":{"line":51,"column":2},"end":{"line":63,"column":null}},"23":{"start":{"line":52,"column":10},"end":{"line":52,"column":null}},"24":{"start":{"line":53,"column":4},"end":{"line":61,"column":null}},"25":{"start":{"line":54,"column":6},"end":{"line":54,"column":null}},"26":{"start":{"line":55,"column":6},"end":{"line":55,"column":null}},"27":{"start":{"line":56,"column":6},"end":{"line":56,"column":null}},"28":{"start":{"line":57,"column":6},"end":{"line":57,"column":null}},"29":{"start":{"line":58,"column":6},"end":{"line":58,"column":null}},"30":{"start":{"line":60,"column":6},"end":{"line":60,"column":null}},"31":{"start":{"line":62,"column":4},"end":{"line":62,"column":null}},"32":{"start":{"line":66,"column":2},"end":{"line":81,"column":null}},"33":{"start":{"line":67,"column":4},"end":{"line":67,"column":null}},"34":{"start":{"line":67,"column":22},"end":{"line":67,"column":null}},"35":{"start":{"line":68,"column":29},"end":{"line":74,"column":null}},"36":{"start":{"line":75,"column":4},"end":{"line":75,"column":null}},"37":{"start":{"line":77,"column":4},"end":{"line":80,"column":null}},"38":{"start":{"line":78,"column":6},"end":{"line":78,"column":null}},"39":{"start":{"line":79,"column":6},"end":{"line":79,"column":null}},"40":{"start":{"line":83,"column":8},"end":{"line":119,"column":null}},"41":{"start":{"line":84,"column":4},"end":{"line":88,"column":null}},"42":{"start":{"line":86,"column":8},"end":{"line":86,"column":null}},"43":{"start":{"line":86,"column":19},"end":{"line":86,"column":null}},"44":{"start":{"line":87,"column":8},"end":{"line":87,"column":null}},"45":{"start":{"line":89,"column":4},"end":{"line":89,"column":null}},"46":{"start":{"line":89,"column":14},"end":{"line":89,"column":null}},"47":{"start":{"line":91,"column":10},"end":{"line":91,"column":null}},"48":{"start":{"line":93,"column":4},"end":{"line":118,"column":null}},"49":{"start":{"line":94,"column":23},"end":{"line":94,"column":null}},"50":{"start":{"line":95,"column":6},"end":{"line":95,"column":null}},"51":{"start":{"line":98,"column":6},"end":{"line":100,"column":null}},"52":{"start":{"line":98,"column":43},"end":{"line":98,"column":59}},"53":{"start":{"line":99,"column":8},"end":{"line":99,"column":null}},"54":{"start":{"line":104,"column":12},"end":{"line":104,"column":null}},"55":{"start":{"line":105,"column":6},"end":{"line":105,"column":null}},"56":{"start":{"line":105,"column":32},"end":{"line":105,"column":68}},"57":{"start":{"line":107,"column":12},"end":{"line":107,"column":null}},"58":{"start":{"line":108,"column":6},"end":{"line":110,"column":null}},"59":{"start":{"line":109,"column":8},"end":{"line":109,"column":null}},"60":{"start":{"line":112,"column":6},"end":{"line":112,"column":null}},"61":{"start":{"line":115,"column":6},"end":{"line":117,"column":null}},"62":{"start":{"line":116,"column":8},"end":{"line":116,"column":null}},"63":{"start":{"line":121,"column":2},"end":{"line":129,"column":null}}},"fnMap":{"0":{"name":"(anonymous_0)","decl":{"start":{"line":20,"column":23},"end":{"line":20,"column":29}},"loc":{"start":{"line":20,"column":29},"end":{"line":130,"column":null}},"line":20},"1":{"name":"(anonymous_1)","decl":{"start":{"line":28,"column":35},"end":{"line":28,"column":41}},"loc":{"start":{"line":28,"column":41},"end":{"line":48,"column":5}},"line":28},"2":{"name":"(anonymous_2)","decl":{"start":{"line":51,"column":12},"end":{"line":51,"column":18}},"loc":{"start":{"line":51,"column":18},"end":{"line":63,"column":5}},"line":51},"3":{"name":"(anonymous_3)","decl":{"start":{"line":66,"column":12},"end":{"line":66,"column":18}},"loc":{"start":{"line":66,"column":18},"end":{"line":81,"column":5}},"line":66},"4":{"name":"(anonymous_4)","decl":{"start":{"line":83,"column":32},"end":{"line":83,"column":33}},"loc":{"start":{"line":83,"column":58},"end":{"line":119,"column":5}},"line":83},"5":{"name":"(anonymous_5)","decl":{"start":{"line":98,"column":36},"end":{"line":98,"column":37}},"loc":{"start":{"line":98,"column":43},"end":{"line":98,"column":59}},"line":98},"6":{"name":"(anonymous_6)","decl":{"start":{"line":105,"column":27},"end":{"line":105,"column":32}},"loc":{"start":{"line":105,"column":32},"end":{"line":105,"column":68}},"line":105}},"branchMap":{"0":{"loc":{"start":{"line":36,"column":4},"end":{"line":36,"column":null}},"type":"if","locations":[{"start":{"line":36,"column":4},"end":{"line":36,"column":null}},{"start":{},"end":{}}],"line":36},"1":{"loc":{"start":{"line":41,"column":4},"end":{"line":41,"column":null}},"type":"if","locations":[{"start":{"line":41,"column":4},"end":{"line":41,"column":null}},{"start":{},"end":{}}],"line":41},"2":{"loc":{"start":{"line":42,"column":4},"end":{"line":42,"column":null}},"type":"if","locations":[{"start":{"line":42,"column":4},"end":{"line":42,"column":null}},{"start":{},"end":{}}],"line":42},"3":{"loc":{"start":{"line":53,"column":4},"end":{"line":61,"column":null}},"type":"if","locations":[{"start":{"line":53,"column":4},"end":{"line":61,"column":null}},{"start":{"line":59,"column":11},"end":{"line":61,"column":null}}],"line":53},"4":{"loc":{"start":{"line":67,"column":4},"end":{"line":67,"column":null}},"type":"if","locations":[{"start":{"line":67,"column":4},"end":{"line":67,"column":null}},{"start":{},"end":{}}],"line":67},"5":{"loc":{"start":{"line":77,"column":4},"end":{"line":80,"column":null}},"type":"if","locations":[{"start":{"line":77,"column":4},"end":{"line":80,"column":null}},{"start":{},"end":{}}],"line":77},"6":{"loc":{"start":{"line":84,"column":4},"end":{"line":88,"column":null}},"type":"if","locations":[{"start":{"line":84,"column":4},"end":{"line":88,"column":null}},{"start":{},"end":{}}],"line":84},"7":{"loc":{"start":{"line":84,"column":8},"end":{"line":84,"column":64}},"type":"binary-expr","locations":[{"start":{"line":84,"column":8},"end":{"line":84,"column":17}},{"start":{"line":84,"column":17},"end":{"line":84,"column":25}},{"start":{"line":84,"column":25},"end":{"line":84,"column":45}},{"start":{"line":84,"column":45},"end":{"line":84,"column":64}}],"line":84},"8":{"loc":{"start":{"line":86,"column":8},"end":{"line":86,"column":null}},"type":"if","locations":[{"start":{"line":86,"column":8},"end":{"line":86,"column":null}},{"start":{},"end":{}}],"line":86},"9":{"loc":{"start":{"line":89,"column":4},"end":{"line":89,"column":null}},"type":"if","locations":[{"start":{"line":89,"column":4},"end":{"line":89,"column":null}},{"start":{},"end":{}}],"line":89},"10":{"loc":{"start":{"line":93,"column":4},"end":{"line":118,"column":null}},"type":"if","locations":[{"start":{"line":93,"column":4},"end":{"line":118,"column":null}},{"start":{},"end":{}}],"line":93},"11":{"loc":{"start":{"line":98,"column":6},"end":{"line":100,"column":null}},"type":"if","locations":[{"start":{"line":98,"column":6},"end":{"line":100,"column":null}},{"start":{},"end":{}}],"line":98},"12":{"loc":{"start":{"line":98,"column":10},"end":{"line":98,"column":62}},"type":"binary-expr","locations":[{"start":{"line":98,"column":10},"end":{"line":98,"column":18}},{"start":{"line":98,"column":18},"end":{"line":98,"column":62}}],"line":98},"13":{"loc":{"start":{"line":108,"column":6},"end":{"line":110,"column":null}},"type":"if","locations":[{"start":{"line":108,"column":6},"end":{"line":110,"column":null}},{"start":{},"end":{}}],"line":108},"14":{"loc":{"start":{"line":115,"column":6},"end":{"line":117,"column":null}},"type":"if","locations":[{"start":{"line":115,"column":6},"end":{"line":117,"column":null}},{"start":{},"end":{}}],"line":115}},"s":{"0":1,"1":50,"2":50,"3":50,"4":50,"5":50,"6":50,"7":50,"8":14,"9":14,"10":14,"11":14,"12":14,"13":14,"14":14,"15":14,"16":14,"17":14,"18":14,"19":14,"20":14,"21":14,"22":50,"23":16,"24":16,"25":4,"26":4,"27":4,"28":4,"29":4,"30":12,"31":16,"32":50,"33":50,"34":16,"35":34,"36":34,"37":34,"38":7,"39":7,"40":50,"41":13,"42":2,"43":1,"44":2,"45":11,"46":0,"47":11,"48":11,"49":10,"50":10,"51":10,"52":14,"53":1,"54":10,"55":10,"56":14,"57":10,"58":10,"59":10,"60":10,"61":10,"62":0,"63":50},"f":{"0":50,"1":14,"2":16,"3":50,"4":13,"5":14,"6":14},"b":{"0":[14,0],"1":[14,0],"2":[14,0],"3":[4,12],"4":[16,34],"5":[7,27],"6":[2,11],"7":[13,12,12,1],"8":[1,1],"9":[0,11],"10":[10,1],"11":[1,9],"12":[10,10],"13":[10,0],"14":[0,10]},"meta":{"lastBranch":15,"lastFunction":7,"lastStatement":64,"seen":{"s:20:23:130:Infinity":0,"f:20:23:20:29":0,"s:21:24:21:Infinity":1,"s:22:24:22:Infinity":2,"s:23:37:23:Infinity":3,"s:24:22:24:Infinity":4,"s:25:20:25:Infinity":5,"s:26:36:26:Infinity":6,"s:28:8:48:Infinity":7,"f:28:35:28:41":1,"s:29:10:29:Infinity":8,"s:35:10:35:Infinity":9,"b:36:4:36:Infinity:undefined:undefined:undefined:undefined":0,"s:36:4:36:Infinity":10,"s:36:12:36:Infinity":11,"s:38:10:38:Infinity":12,"s:40:25:40:Infinity":13,"b:41:4:41:Infinity:undefined:undefined:undefined:undefined":1,"s:41:4:41:Infinity":14,"s:41:12:41:Infinity":15,"b:42:4:42:Infinity:undefined:undefined:undefined:undefined":2,"s:42:4:42:Infinity":16,"s:42:12:42:Infinity":17,"s:44:4:44:Infinity":18,"s:45:4:45:Infinity":19,"s:46:4:46:Infinity":20,"s:47:4:47:Infinity":21,"s:51:2:63:Infinity":22,"f:51:12:51:18":2,"s:52:10:52:Infinity":23,"b:53:4:61:Infinity:59:11:61:Infinity":3,"s:53:4:61:Infinity":24,"s:54:6:54:Infinity":25,"s:55:6:55:Infinity":26,"s:56:6:56:Infinity":27,"s:57:6:57:Infinity":28,"s:58:6:58:Infinity":29,"s:60:6:60:Infinity":30,"s:62:4:62:Infinity":31,"s:66:2:81:Infinity":32,"f:66:12:66:18":3,"b:67:4:67:Infinity:undefined:undefined:undefined:undefined":4,"s:67:4:67:Infinity":33,"s:67:22:67:Infinity":34,"s:68:29:74:Infinity":35,"s:75:4:75:Infinity":36,"b:77:4:80:Infinity:undefined:undefined:undefined:undefined":5,"s:77:4:80:Infinity":37,"s:78:6:78:Infinity":38,"s:79:6:79:Infinity":39,"s:83:8:119:Infinity":40,"f:83:32:83:33":4,"b:84:4:88:Infinity:undefined:undefined:undefined:undefined":6,"s:84:4:88:Infinity":41,"b:84:8:84:17:84:17:84:25:84:25:84:45:84:45:84:64":7,"b:86:8:86:Infinity:undefined:undefined:undefined:undefined":8,"s:86:8:86:Infinity":42,"s:86:19:86:Infinity":43,"s:87:8:87:Infinity":44,"b:89:4:89:Infinity:undefined:undefined:undefined:undefined":9,"s:89:4:89:Infinity":45,"s:89:14:89:Infinity":46,"s:91:10:91:Infinity":47,"b:93:4:118:Infinity:undefined:undefined:undefined:undefined":10,"s:93:4:118:Infinity":48,"s:94:23:94:Infinity":49,"s:95:6:95:Infinity":50,"b:98:6:100:Infinity:undefined:undefined:undefined:undefined":11,"s:98:6:100:Infinity":51,"b:98:10:98:18:98:18:98:62":12,"f:98:36:98:37":5,"s:98:43:98:59":52,"s:99:8:99:Infinity":53,"s:104:12:104:Infinity":54,"s:105:6:105:Infinity":55,"f:105:27:105:32":6,"s:105:32:105:68":56,"s:107:12:107:Infinity":57,"b:108:6:110:Infinity:undefined:undefined:undefined:undefined":13,"s:108:6:110:Infinity":58,"s:109:8:109:Infinity":59,"s:112:6:112:Infinity":60,"b:115:6:117:Infinity:undefined:undefined:undefined:undefined":14,"s:115:6:117:Infinity":61,"s:116:8:116:Infinity":62,"s:121:2:129:Infinity":63}}}
,"/Users/zhanghao/Documents/trae_projects/2048/src/utils/gameLogic.ts": {"path":"/Users/zhanghao/Documents/trae_projects/2048/src/utils/gameLogic.ts","statementMap":{"0":{"start":{"line":26,"column":25},"end":{"line":26,"column":null}},"1":{"start":{"line":28,"column":28},"end":{"line":32,"column":null}},"2":{"start":{"line":29,"column":2},"end":{"line":31,"column":null}},"3":{"start":{"line":30,"column":4},"end":{"line":30,"column":null}},"4":{"start":{"line":30,"column":44},"end":{"line":30,"column":48}},"5":{"start":{"line":34,"column":29},"end":{"line":44,"column":null}},"6":{"start":{"line":35,"column":28},"end":{"line":35,"column":null}},"7":{"start":{"line":36,"column":2},"end":{"line":42,"column":null}},"8":{"start":{"line":36,"column":15},"end":{"line":36,"column":18}},"9":{"start":{"line":37,"column":4},"end":{"line":41,"column":null}},"10":{"start":{"line":37,"column":17},"end":{"line":37,"column":20}},"11":{"start":{"line":38,"column":6},"end":{"line":40,"column":null}},"12":{"start":{"line":39,"column":8},"end":{"line":39,"column":null}},"13":{"start":{"line":43,"column":2},"end":{"line":43,"column":null}},"14":{"start":{"line":46,"column":34},"end":{"line":50,"column":null}},"15":{"start":{"line":47,"column":16},"end":{"line":47,"column":null}},"16":{"start":{"line":48,"column":2},"end":{"line":48,"column":null}},"17":{"start":{"line":48,"column":26},"end":{"line":48,"column":null}},"18":{"start":{"line":49,"column":2},"end":{"line":49,"column":null}},"19":{"start":{"line":52,"column":34},"end":{"line":62,"column":null}},"20":{"start":{"line":53,"column":19},"end":{"line":53,"column":null}},"21":{"start":{"line":54,"column":2},"end":{"line":54,"column":null}},"22":{"start":{"line":54,"column":17},"end":{"line":54,"column":null}},"23":{"start":{"line":56,"column":2},"end":{"line":61,"column":null}},"24":{"start":{"line":64,"column":33},"end":{"line":66,"column":null}},"25":{"start":{"line":65,"column":2},"end":{"line":65,"column":null}},"26":{"start":{"line":69,"column":19},"end":{"line":77,"column":null}},"27":{"start":{"line":70,"column":18},"end":{"line":70,"column":null}},"28":{"start":{"line":71,"column":2},"end":{"line":75,"column":null}},"29":{"start":{"line":71,"column":15},"end":{"line":71,"column":18}},"30":{"start":{"line":72,"column":4},"end":{"line":74,"column":null}},"31":{"start":{"line":72,"column":17},"end":{"line":72,"column":20}},"32":{"start":{"line":73,"column":6},"end":{"line":73,"column":null}},"33":{"start":{"line":76,"column":2},"end":{"line":76,"column":null}},"34":{"start":{"line":79,"column":20},"end":{"line":87,"column":null}},"35":{"start":{"line":80,"column":18},"end":{"line":80,"column":null}},"36":{"start":{"line":81,"column":2},"end":{"line":85,"column":null}},"37":{"start":{"line":81,"column":15},"end":{"line":81,"column":18}},"38":{"start":{"line":82,"column":4},"end":{"line":84,"column":null}},"39":{"start":{"line":82,"column":17},"end":{"line":82,"column":20}},"40":{"start":{"line":83,"column":6},"end":{"line":83,"column":null}},"41":{"start":{"line":86,"column":2},"end":{"line":86,"column":null}},"42":{"start":{"line":90,"column":24},"end":{"line":118,"column":null}},"43":{"start":{"line":91,"column":2},"end":{"line":91,"column":null}},"44":{"start":{"line":91,"column":44},"end":{"line":91,"column":null}},"45":{"start":{"line":94,"column":15},"end":{"line":94,"column":null}},"46":{"start":{"line":95,"column":2},"end":{"line":97,"column":null}},"47":{"start":{"line":96,"column":4},"end":{"line":96,"column":null}},"48":{"start":{"line":99,"column":2},"end":{"line":116,"column":null}},"49":{"start":{"line":99,"column":15},"end":{"line":99,"column":18}},"50":{"start":{"line":100,"column":4},"end":{"line":115,"column":null}},"51":{"start":{"line":100,"column":17},"end":{"line":100,"column":20}},"52":{"start":{"line":101,"column":22},"end":{"line":101,"column":null}},"53":{"start":{"line":102,"column":6},"end":{"line":102,"column":null}},"54":{"start":{"line":102,"column":20},"end":{"line":102,"column":null}},"55":{"start":{"line":105,"column":6},"end":{"line":108,"column":null}},"56":{"start":{"line":106,"column":22},"end":{"line":106,"column":null}},"57":{"start":{"line":107,"column":8},"end":{"line":107,"column":null}},"58":{"start":{"line":107,"column":52},"end":{"line":107,"column":null}},"59":{"start":{"line":111,"column":6},"end":{"line":114,"column":null}},"60":{"start":{"line":112,"column":21},"end":{"line":112,"column":null}},"61":{"start":{"line":113,"column":8},"end":{"line":113,"column":null}},"62":{"start":{"line":113,"column":50},"end":{"line":113,"column":null}},"63":{"start":{"line":117,"column":2},"end":{"line":117,"column":null}},"64":{"start":{"line":128,"column":20},"end":{"line":243,"column":null}},"65":{"start":{"line":130,"column":13},"end":{"line":130,"column":null}},"66":{"start":{"line":131,"column":2},"end":{"line":136,"column":null}},"67":{"start":{"line":133,"column":4},"end":{"line":133,"column":null}},"68":{"start":{"line":134,"column":4},"end":{"line":134,"column":null}},"69":{"start":{"line":135,"column":4},"end":{"line":135,"column":null}},"70":{"start":{"line":139,"column":2},"end":{"line":146,"column":null}},"71":{"start":{"line":140,"column":4},"end":{"line":140,"column":null}},"72":{"start":{"line":141,"column":2},"end":{"line":146,"column":null}},"73":{"start":{"line":142,"column":4},"end":{"line":142,"column":null}},"74":{"start":{"line":143,"column":4},"end":{"line":143,"column":null}},"75":{"start":{"line":144,"column":2},"end":{"line":146,"column":null}},"76":{"start":{"line":145,"column":4},"end":{"line":145,"column":null}},"77":{"start":{"line":149,"column":14},"end":{"line":149,"column":null}},"78":{"start":{"line":150,"column":22},"end":{"line":150,"column":null}},"79":{"start":{"line":151,"column":28},"end":{"line":151,"column":null}},"80":{"start":{"line":153,"column":2},"end":{"line":202,"column":null}},"81":{"start":{"line":153,"column":15},"end":{"line":153,"column":18}},"82":{"start":{"line":154,"column":16},"end":{"line":154,"column":null}},"83":{"start":{"line":154,"column":38},"end":{"line":154,"column":48}},"84":{"start":{"line":155,"column":27},"end":{"line":155,"column":null}},"85":{"start":{"line":157,"column":19},"end":{"line":157,"column":null}},"86":{"start":{"line":159,"column":4},"end":{"line":193,"column":null}},"87":{"start":{"line":159,"column":17},"end":{"line":159,"column":20}},"88":{"start":{"line":160,"column":6},"end":{"line":163,"column":null}},"89":{"start":{"line":161,"column":8},"end":{"line":161,"column":null}},"90":{"start":{"line":162,"column":8},"end":{"line":162,"column":null}},"91":{"start":{"line":165,"column":22},"end":{"line":165,"column":null}},"92":{"start":{"line":166,"column":19},"end":{"line":166,"column":null}},"93":{"start":{"line":168,"column":6},"end":{"line":192,"column":null}},"94":{"start":{"line":170,"column":33},"end":{"line":175,"column":null}},"95":{"start":{"line":176,"column":8},"end":{"line":176,"column":null}},"96":{"start":{"line":177,"column":8},"end":{"line":177,"column":null}},"97":{"start":{"line":178,"column":8},"end":{"line":178,"column":null}},"98":{"start":{"line":179,"column":8},"end":{"line":179,"column":null}},"99":{"start":{"line":182,"column":8},"end":{"line":184,"column":null}},"100":{"start":{"line":183,"column":10},"end":{"line":183,"column":null}},"101":{"start":{"line":188,"column":8},"end":{"line":191,"column":null}},"102":{"start":{"line":197,"column":4},"end":{"line":201,"column":null}},"103":{"start":{"line":199,"column":7},"end":{"line":199,"column":null}},"104":{"start":{"line":200,"column":7},"end":{"line":200,"column":null}},"105":{"start":{"line":207,"column":19},"end":{"line":207,"column":null}},"106":{"start":{"line":208,"column":2},"end":{"line":208,"column":null}},"107":{"start":{"line":208,"column":25},"end":{"line":208,"column":67}},"108":{"start":{"line":211,"column":2},"end":{"line":218,"column":null}},"109":{"start":{"line":212,"column":5},"end":{"line":212,"column":null}},"110":{"start":{"line":213,"column":2},"end":{"line":218,"column":null}},"111":{"start":{"line":214,"column":5},"end":{"line":214,"column":null}},"112":{"start":{"line":215,"column":5},"end":{"line":215,"column":null}},"113":{"start":{"line":216,"column":2},"end":{"line":218,"column":null}},"114":{"start":{"line":217,"column":5},"end":{"line":217,"column":null}},"115":{"start":{"line":221,"column":29},"end":{"line":221,"column":null}},"116":{"start":{"line":222,"column":2},"end":{"line":230,"column":null}},"117":{"start":{"line":222,"column":12},"end":{"line":222,"column":15}},"118":{"start":{"line":223,"column":6},"end":{"line":229,"column":null}},"119":{"start":{"line":223,"column":16},"end":{"line":223,"column":19}},"120":{"start":{"line":224,"column":23},"end":{"line":224,"column":null}},"121":{"start":{"line":225,"column":10},"end":{"line":228,"column":null}},"122":{"start":{"line":226,"column":14},"end":{"line":226,"column":null}},"123":{"start":{"line":227,"column":14},"end":{"line":227,"column":null}},"124":{"start":{"line":238,"column":2},"end":{"line":242,"column":null}}},"fnMap":{"0":{"name":"(anonymous_0)","decl":{"start":{"line":28,"column":28},"end":{"line":28,"column":40}},"loc":{"start":{"line":28,"column":40},"end":{"line":32,"column":null}},"line":28},"1":{"name":"(anonymous_1)","decl":{"start":{"line":29,"column":43},"end":{"line":29,"column":null}},"loc":{"start":{"line":30,"column":4},"end":{"line":30,"column":null}},"line":30},"2":{"name":"(anonymous_2)","decl":{"start":{"line":30,"column":38},"end":{"line":30,"column":44}},"loc":{"start":{"line":30,"column":44},"end":{"line":30,"column":48}},"line":30},"3":{"name":"(anonymous_3)","decl":{"start":{"line":34,"column":29},"end":{"line":34,"column":30}},"loc":{"start":{"line":34,"column":57},"end":{"line":44,"column":null}},"line":34},"4":{"name":"(anonymous_4)","decl":{"start":{"line":46,"column":34},"end":{"line":46,"column":35}},"loc":{"start":{"line":46,"column":67},"end":{"line":50,"column":null}},"line":46},"5":{"name":"(anonymous_5)","decl":{"start":{"line":52,"column":34},"end":{"line":52,"column":35}},"loc":{"start":{"line":52,"column":63},"end":{"line":62,"column":null}},"line":52},"6":{"name":"(anonymous_6)","decl":{"start":{"line":64,"column":33},"end":{"line":64,"column":34}},"loc":{"start":{"line":64,"column":74},"end":{"line":66,"column":null}},"line":64},"7":{"name":"(anonymous_7)","decl":{"start":{"line":69,"column":19},"end":{"line":69,"column":20}},"loc":{"start":{"line":69,"column":41},"end":{"line":77,"column":null}},"line":69},"8":{"name":"(anonymous_8)","decl":{"start":{"line":79,"column":20},"end":{"line":79,"column":21}},"loc":{"start":{"line":79,"column":42},"end":{"line":87,"column":null}},"line":79},"9":{"name":"(anonymous_9)","decl":{"start":{"line":90,"column":24},"end":{"line":90,"column":25}},"loc":{"start":{"line":90,"column":52},"end":{"line":118,"column":null}},"line":90},"10":{"name":"(anonymous_10)","decl":{"start":{"line":95,"column":16},"end":{"line":95,"column":17}},"loc":{"start":{"line":95,"column":26},"end":{"line":97,"column":3}},"line":95},"11":{"name":"(anonymous_11)","decl":{"start":{"line":128,"column":20},"end":{"line":128,"column":21}},"loc":{"start":{"line":128,"column":80},"end":{"line":243,"column":null}},"line":128},"12":{"name":"(anonymous_12)","decl":{"start":{"line":131,"column":23},"end":{"line":131,"column":24}},"loc":{"start":{"line":131,"column":33},"end":{"line":136,"column":3}},"line":131},"13":{"name":"(anonymous_13)","decl":{"start":{"line":154,"column":31},"end":{"line":154,"column":32}},"loc":{"start":{"line":154,"column":38},"end":{"line":154,"column":48}},"line":154},"14":{"name":"(anonymous_14)","decl":{"start":{"line":197,"column":19},"end":{"line":197,"column":27}},"loc":{"start":{"line":197,"column":27},"end":{"line":201,"column":5}},"line":197},"15":{"name":"(anonymous_15)","decl":{"start":{"line":208,"column":20},"end":{"line":208,"column":25}},"loc":{"start":{"line":208,"column":25},"end":{"line":208,"column":67}},"line":208}},"branchMap":{"0":{"loc":{"start":{"line":38,"column":6},"end":{"line":40,"column":null}},"type":"if","locations":[{"start":{"line":38,"column":6},"end":{"line":40,"column":null}},{"start":{},"end":{}}],"line":38},"1":{"loc":{"start":{"line":48,"column":2},"end":{"line":48,"column":null}},"type":"if","locations":[{"start":{"line":48,"column":2},"end":{"line":48,"column":null}},{"start":{},"end":{}}],"line":48},"2":{"loc":{"start":{"line":54,"column":2},"end":{"line":54,"column":null}},"type":"if","locations":[{"start":{"line":54,"column":2},"end":{"line":54,"column":null}},{"start":{},"end":{}}],"line":54},"3":{"loc":{"start":{"line":58,"column":11},"end":{"line":58,"column":null}},"type":"cond-expr","locations":[{"start":{"line":58,"column":33},"end":{"line":58,"column":37}},{"start":{"line":58,"column":37},"end":{"line":58,"column":null}}],"line":58},"4":{"loc":{"start":{"line":65,"column":9},"end":{"line":65,"column":null}},"type":"binary-expr","locations":[{"start":{"line":65,"column":9},"end":{"line":65,"column":26}},{"start":{"line":65,"column":26},"end":{"line":65,"column":null}}],"line":65},"5":{"loc":{"start":{"line":91,"column":2},"end":{"line":91,"column":null}},"type":"if","locations":[{"start":{"line":91,"column":2},"end":{"line":91,"column":null}},{"start":{},"end":{}}],"line":91},"6":{"loc":{"start":{"line":102,"column":6},"end":{"line":102,"column":null}},"type":"if","locations":[{"start":{"line":102,"column":6},"end":{"line":102,"column":null}},{"start":{},"end":{}}],"line":102},"7":{"loc":{"start":{"line":105,"column":6},"end":{"line":108,"column":null}},"type":"if","locations":[{"start":{"line":105,"column":6},"end":{"line":108,"column":null}},{"start":{},"end":{}}],"line":105},"8":{"loc":{"start":{"line":107,"column":8},"end":{"line":107,"column":null}},"type":"if","locations":[{"start":{"line":107,"column":8},"end":{"line":107,"column":null}},{"start":{},"end":{}}],"line":107},"9":{"loc":{"start":{"line":107,"column":12},"end":{"line":107,"column":52}},"type":"binary-expr","locations":[{"start":{"line":107,"column":12},"end":{"line":107,"column":21}},{"start":{"line":107,"column":21},"end":{"line":107,"column":52}}],"line":107},"10":{"loc":{"start":{"line":111,"column":6},"end":{"line":114,"column":null}},"type":"if","locations":[{"start":{"line":111,"column":6},"end":{"line":114,"column":null}},{"start":{},"end":{}}],"line":111},"11":{"loc":{"start":{"line":113,"column":8},"end":{"line":113,"column":null}},"type":"if","locations":[{"start":{"line":113,"column":8},"end":{"line":113,"column":null}},{"start":{},"end":{}}],"line":113},"12":{"loc":{"start":{"line":113,"column":12},"end":{"line":113,"column":50}},"type":"binary-expr","locations":[{"start":{"line":113,"column":12},"end":{"line":113,"column":20}},{"start":{"line":113,"column":20},"end":{"line":113,"column":50}}],"line":113},"13":{"loc":{"start":{"line":139,"column":2},"end":{"line":146,"column":null}},"type":"if","locations":[{"start":{"line":139,"column":2},"end":{"line":146,"column":null}},{"start":{"line":141,"column":2},"end":{"line":146,"column":null}}],"line":139},"14":{"loc":{"start":{"line":141,"column":2},"end":{"line":146,"column":null}},"type":"if","locations":[{"start":{"line":141,"column":2},"end":{"line":146,"column":null}},{"start":{"line":144,"column":2},"end":{"line":146,"column":null}}],"line":141},"15":{"loc":{"start":{"line":144,"column":2},"end":{"line":146,"column":null}},"type":"if","locations":[{"start":{"line":144,"column":2},"end":{"line":146,"column":null}},{"start":{},"end":{}}],"line":144},"16":{"loc":{"start":{"line":160,"column":6},"end":{"line":163,"column":null}},"type":"if","locations":[{"start":{"line":160,"column":6},"end":{"line":163,"column":null}},{"start":{},"end":{}}],"line":160},"17":{"loc":{"start":{"line":168,"column":6},"end":{"line":192,"column":null}},"type":"if","locations":[{"start":{"line":168,"column":6},"end":{"line":192,"column":null}},{"start":{"line":180,"column":13},"end":{"line":192,"column":null}}],"line":168},"18":{"loc":{"start":{"line":168,"column":10},"end":{"line":168,"column":48}},"type":"binary-expr","locations":[{"start":{"line":168,"column":10},"end":{"line":168,"column":18}},{"start":{"line":168,"column":18},"end":{"line":168,"column":48}}],"line":168},"19":{"loc":{"start":{"line":182,"column":8},"end":{"line":184,"column":null}},"type":"if","locations":[{"start":{"line":182,"column":8},"end":{"line":184,"column":null}},{"start":{},"end":{}}],"line":182},"20":{"loc":{"start":{"line":211,"column":2},"end":{"line":218,"column":null}},"type":"if","locations":[{"start":{"line":211,"column":2},"end":{"line":218,"column":null}},{"start":{"line":213,"column":2},"end":{"line":218,"column":null}}],"line":211},"21":{"loc":{"start":{"line":213,"column":2},"end":{"line":218,"column":null}},"type":"if","locations":[{"start":{"line":213,"column":2},"end":{"line":218,"column":null}},{"start":{"line":216,"column":2},"end":{"line":218,"column":null}}],"line":213},"22":{"loc":{"start":{"line":216,"column":2},"end":{"line":218,"column":null}},"type":"if","locations":[{"start":{"line":216,"column":2},"end":{"line":218,"column":null}},{"start":{},"end":{}}],"line":216},"23":{"loc":{"start":{"line":225,"column":10},"end":{"line":228,"column":null}},"type":"if","locations":[{"start":{"line":225,"column":10},"end":{"line":228,"column":null}},{"start":{},"end":{}}],"line":225}},"s":{"0":3,"1":3,"2":100,"3":400,"4":1600,"5":3,"6":12,"7":12,"8":12,"9":48,"10":48,"11":192,"12":148,"13":12,"14":3,"15":8,"16":8,"17":1,"18":7,"19":3,"20":8,"21":8,"22":1,"23":7,"24":3,"25":4,"26":3,"27":8,"28":8,"29":8,"30":32,"31":32,"32":128,"33":8,"34":3,"35":8,"36":8,"37":8,"38":32,"39":32,"40":128,"41":8,"42":3,"43":6,"44":4,"45":2,"46":2,"47":32,"48":2,"49":2,"50":5,"51":5,"52":17,"53":17,"54":0,"55":17,"56":13,"57":13,"58":1,"59":16,"60":12,"61":12,"62":0,"63":1,"64":3,"65":20,"66":20,"67":43,"68":43,"69":43,"70":20,"71":2,"72":18,"73":2,"74":2,"75":16,"76":2,"77":20,"78":20,"79":20,"80":20,"81":20,"82":80,"83":320,"84":80,"85":80,"86":80,"87":80,"88":43,"89":17,"90":17,"91":26,"92":26,"93":26,"94":17,"95":17,"96":17,"97":17,"98":17,"99":9,"100":4,"101":9,"102":80,"103":26,"104":26,"105":80,"106":80,"107":26,"108":80,"109":2,"110":18,"111":2,"112":2,"113":16,"114":2,"115":20,"116":20,"117":20,"118":80,"119":80,"120":320,"121":320,"122":26,"123":26,"124":20},"f":{"0":100,"1":400,"2":1600,"3":12,"4":8,"5":8,"6":4,"7":8,"8":8,"9":6,"10":32,"11":20,"12":43,"13":320,"14":26,"15":26},"b":{"0":[148,44],"1":[1,7],"2":[1,7],"3":[7,0],"4":[4,2],"5":[4,2],"6":[0,17],"7":[13,4],"8":[1,12],"9":[13,13],"10":[12,4],"11":[0,12],"12":[12,12],"13":[2,18],"14":[2,16],"15":[2,14],"16":[17,26],"17":[17,9],"18":[26,18],"19":[4,5],"20":[2,18],"21":[2,16],"22":[2,14],"23":[26,294]},"meta":{"lastBranch":24,"lastFunction":16,"lastStatement":125,"seen":{"s:26:25:26:Infinity":0,"s:28:28:32:Infinity":1,"f:28:28:28:40":0,"s:29:2:31:Infinity":2,"f:29:43:29:Infinity":1,"s:30:4:30:Infinity":3,"f:30:38:30:44":2,"s:30:44:30:48":4,"s:34:29:44:Infinity":5,"f:34:29:34:30":3,"s:35:28:35:Infinity":6,"s:36:2:42:Infinity":7,"s:36:15:36:18":8,"s:37:4:41:Infinity":9,"s:37:17:37:20":10,"b:38:6:40:Infinity:undefined:undefined:undefined:undefined":0,"s:38:6:40:Infinity":11,"s:39:8:39:Infinity":12,"s:43:2:43:Infinity":13,"s:46:34:50:Infinity":14,"f:46:34:46:35":4,"s:47:16:47:Infinity":15,"b:48:2:48:Infinity:undefined:undefined:undefined:undefined":1,"s:48:2:48:Infinity":16,"s:48:26:48:Infinity":17,"s:49:2:49:Infinity":18,"s:52:34:62:Infinity":19,"f:52:34:52:35":5,"s:53:19:53:Infinity":20,"b:54:2:54:Infinity:undefined:undefined:undefined:undefined":2,"s:54:2:54:Infinity":21,"s:54:17:54:Infinity":22,"s:56:2:61:Infinity":23,"b:58:33:58:37:58:37:58:Infinity":3,"s:64:33:66:Infinity":24,"f:64:33:64:34":6,"s:65:2:65:Infinity":25,"b:65:9:65:26:65:26:65:Infinity":4,"s:69:19:77:Infinity":26,"f:69:19:69:20":7,"s:70:18:70:Infinity":27,"s:71:2:75:Infinity":28,"s:71:15:71:18":29,"s:72:4:74:Infinity":30,"s:72:17:72:20":31,"s:73:6:73:Infinity":32,"s:76:2:76:Infinity":33,"s:79:20:87:Infinity":34,"f:79:20:79:21":8,"s:80:18:80:Infinity":35,"s:81:2:85:Infinity":36,"s:81:15:81:18":37,"s:82:4:84:Infinity":38,"s:82:17:82:20":39,"s:83:6:83:Infinity":40,"s:86:2:86:Infinity":41,"s:90:24:118:Infinity":42,"f:90:24:90:25":9,"b:91:2:91:Infinity:undefined:undefined:undefined:undefined":5,"s:91:2:91:Infinity":43,"s:91:44:91:Infinity":44,"s:94:15:94:Infinity":45,"s:95:2:97:Infinity":46,"f:95:16:95:17":10,"s:96:4:96:Infinity":47,"s:99:2:116:Infinity":48,"s:99:15:99:18":49,"s:100:4:115:Infinity":50,"s:100:17:100:20":51,"s:101:22:101:Infinity":52,"b:102:6:102:Infinity:undefined:undefined:undefined:undefined":6,"s:102:6:102:Infinity":53,"s:102:20:102:Infinity":54,"b:105:6:108:Infinity:undefined:undefined:undefined:undefined":7,"s:105:6:108:Infinity":55,"s:106:22:106:Infinity":56,"b:107:8:107:Infinity:undefined:undefined:undefined:undefined":8,"s:107:8:107:Infinity":57,"b:107:12:107:21:107:21:107:52":9,"s:107:52:107:Infinity":58,"b:111:6:114:Infinity:undefined:undefined:undefined:undefined":10,"s:111:6:114:Infinity":59,"s:112:21:112:Infinity":60,"b:113:8:113:Infinity:undefined:undefined:undefined:undefined":11,"s:113:8:113:Infinity":61,"b:113:12:113:20:113:20:113:50":12,"s:113:50:113:Infinity":62,"s:117:2:117:Infinity":63,"s:128:20:243:Infinity":64,"f:128:20:128:21":11,"s:130:13:130:Infinity":65,"s:131:2:136:Infinity":66,"f:131:23:131:24":12,"s:133:4:133:Infinity":67,"s:134:4:134:Infinity":68,"s:135:4:135:Infinity":69,"b:139:2:146:Infinity:141:2:146:Infinity":13,"s:139:2:146:Infinity":70,"s:140:4:140:Infinity":71,"b:141:2:146:Infinity:144:2:146:Infinity":14,"s:141:2:146:Infinity":72,"s:142:4:142:Infinity":73,"s:143:4:143:Infinity":74,"b:144:2:146:Infinity:undefined:undefined:undefined:undefined":15,"s:144:2:146:Infinity":75,"s:145:4:145:Infinity":76,"s:149:14:149:Infinity":77,"s:150:22:150:Infinity":78,"s:151:28:151:Infinity":79,"s:153:2:202:Infinity":80,"s:153:15:153:18":81,"s:154:16:154:Infinity":82,"f:154:31:154:32":13,"s:154:38:154:48":83,"s:155:27:155:Infinity":84,"s:157:19:157:Infinity":85,"s:159:4:193:Infinity":86,"s:159:17:159:20":87,"b:160:6:163:Infinity:undefined:undefined:undefined:undefined":16,"s:160:6:163:Infinity":88,"s:161:8:161:Infinity":89,"s:162:8:162:Infinity":90,"s:165:22:165:Infinity":91,"s:166:19:166:Infinity":92,"b:168:6:192:Infinity:180:13:192:Infinity":17,"s:168:6:192:Infinity":93,"b:168:10:168:18:168:18:168:48":18,"s:170:33:175:Infinity":94,"s:176:8:176:Infinity":95,"s:177:8:177:Infinity":96,"s:178:8:178:Infinity":97,"s:179:8:179:Infinity":98,"b:182:8:184:Infinity:undefined:undefined:undefined:undefined":19,"s:182:8:184:Infinity":99,"s:183:10:183:Infinity":100,"s:188:8:191:Infinity":101,"s:197:4:201:Infinity":102,"f:197:19:197:27":14,"s:199:7:199:Infinity":103,"s:200:7:200:Infinity":104,"s:207:19:207:Infinity":105,"s:208:2:208:Infinity":106,"f:208:20:208:25":15,"s:208:25:208:67":107,"b:211:2:218:Infinity:213:2:218:Infinity":20,"s:211:2:218:Infinity":108,"s:212:5:212:Infinity":109,"b:213:2:218:Infinity:216:2:218:Infinity":21,"s:213:2:218:Infinity":110,"s:214:5:214:Infinity":111,"s:215:5:215:Infinity":112,"b:216:2:218:Infinity:undefined:undefined:undefined:undefined":22,"s:216:2:218:Infinity":113,"s:217:5:217:Infinity":114,"s:221:29:221:Infinity":115,"s:222:2:230:Infinity":116,"s:222:12:222:15":117,"s:223:6:229:Infinity":118,"s:223:16:223:19":119,"s:224:23:224:Infinity":120,"b:225:10:228:Infinity:undefined:undefined:undefined:undefined":23,"s:225:10:228:Infinity":121,"s:226:14:226:Infinity":122,"s:227:14:227:Infinity":123,"s:238:2:242:Infinity":124}}}
,"/Users/zhanghao/Documents/trae_projects/2048/src/utils/storage.ts": {"path":"/Users/zhanghao/Documents/trae_projects/2048/src/utils/storage.ts","statementMap":{"0":{"start":{"line":3,"column":23},"end":{"line":3,"column":null}},"1":{"start":{"line":4,"column":18},"end":{"line":4,"column":null}},"2":{"start":{"line":5,"column":23},"end":{"line":5,"column":null}},"3":{"start":{"line":7,"column":28},"end":{"line":10,"column":null}},"4":{"start":{"line":8,"column":16},"end":{"line":8,"column":null}},"5":{"start":{"line":9,"column":2},"end":{"line":9,"column":null}},"6":{"start":{"line":12,"column":28},"end":{"line":14,"column":null}},"7":{"start":{"line":13,"column":2},"end":{"line":13,"column":null}},"8":{"start":{"line":16,"column":24},"end":{"line":18,"column":null}},"9":{"start":{"line":17,"column":2},"end":{"line":17,"column":null}},"10":{"start":{"line":20,"column":24},"end":{"line":22,"column":null}},"11":{"start":{"line":21,"column":2},"end":{"line":21,"column":null}},"12":{"start":{"line":24,"column":29},"end":{"line":26,"column":null}},"13":{"start":{"line":25,"column":2},"end":{"line":25,"column":null}},"14":{"start":{"line":28,"column":28},"end":{"line":31,"column":null}},"15":{"start":{"line":29,"column":16},"end":{"line":29,"column":null}},"16":{"start":{"line":30,"column":2},"end":{"line":30,"column":null}}},"fnMap":{"0":{"name":"(anonymous_0)","decl":{"start":{"line":7,"column":28},"end":{"line":7,"column":42}},"loc":{"start":{"line":7,"column":42},"end":{"line":10,"column":null}},"line":7},"1":{"name":"(anonymous_1)","decl":{"start":{"line":12,"column":28},"end":{"line":12,"column":29}},"loc":{"start":{"line":12,"column":47},"end":{"line":14,"column":null}},"line":12},"2":{"name":"(anonymous_2)","decl":{"start":{"line":16,"column":24},"end":{"line":16,"column":38}},"loc":{"start":{"line":16,"column":38},"end":{"line":18,"column":null}},"line":16},"3":{"name":"(anonymous_3)","decl":{"start":{"line":20,"column":24},"end":{"line":20,"column":25}},"loc":{"start":{"line":20,"column":43},"end":{"line":22,"column":null}},"line":20},"4":{"name":"(anonymous_4)","decl":{"start":{"line":24,"column":29},"end":{"line":24,"column":30}},"loc":{"start":{"line":24,"column":51},"end":{"line":26,"column":null}},"line":24},"5":{"name":"(anonymous_5)","decl":{"start":{"line":28,"column":28},"end":{"line":28,"column":52}},"loc":{"start":{"line":28,"column":52},"end":{"line":31,"column":null}},"line":28}},"branchMap":{"0":{"loc":{"start":{"line":9,"column":9},"end":{"line":9,"column":null}},"type":"cond-expr","locations":[{"start":{"line":9,"column":17},"end":{"line":9,"column":39}},{"start":{"line":9,"column":39},"end":{"line":9,"column":null}}],"line":9},"1":{"loc":{"start":{"line":17,"column":9},"end":{"line":17,"column":null}},"type":"binary-expr","locations":[{"start":{"line":17,"column":9},"end":{"line":17,"column":44}},{"start":{"line":17,"column":44},"end":{"line":17,"column":null}}],"line":17},"2":{"loc":{"start":{"line":30,"column":9},"end":{"line":30,"column":null}},"type":"cond-expr","locations":[{"start":{"line":30,"column":17},"end":{"line":30,"column":37}},{"start":{"line":30,"column":37},"end":{"line":30,"column":null}}],"line":30}},"s":{"0":1,"1":1,"2":1,"3":1,"4":6,"5":6,"6":1,"7":2,"8":1,"9":4,"10":1,"11":2,"12":1,"13":1,"14":1,"15":7,"16":7},"f":{"0":6,"1":2,"2":4,"3":2,"4":1,"5":7},"b":{"0":[4,2],"1":[4,1],"2":[6,1]},"meta":{"lastBranch":3,"lastFunction":6,"lastStatement":17,"seen":{"s:3:23:3:Infinity":0,"s:4:18:4:Infinity":1,"s:5:23:5:Infinity":2,"s:7:28:10:Infinity":3,"f:7:28:7:42":0,"s:8:16:8:Infinity":4,"s:9:2:9:Infinity":5,"b:9:17:9:39:9:39:9:Infinity":0,"s:12:28:14:Infinity":6,"f:12:28:12:29":1,"s:13:2:13:Infinity":7,"s:16:24:18:Infinity":8,"f:16:24:16:38":2,"s:17:2:17:Infinity":9,"b:17:9:17:44:17:44:17:Infinity":1,"s:20:24:22:Infinity":10,"f:20:24:20:25":3,"s:21:2:21:Infinity":11,"s:24:29:26:Infinity":12,"f:24:29:24:30":4,"s:25:2:25:Infinity":13,"s:28:28:31:Infinity":14,"f:28:28:28:52":5,"s:29:16:29:Infinity":15,"s:30:2:30:Infinity":16,"b:30:17:30:37:30:37:30:Infinity":2}}}
}
