TN:
SF:src/components/Board/Board.tsx
FN:13,(anonymous_0)
FN:18,(anonymous_1)
FN:33,(anonymous_2)
FN:34,(anonymous_3)
FN:56,(anonymous_4)
FN:60,(anonymous_5)
FN:69,(anonymous_6)
FN:72,(anonymous_7)
FN:75,(anonymous_8)
FN:88,(anonymous_9)
FNF:10
FNH:9
FNDA:10,(anonymous_0)
FNDA:0,(anonymous_1)
FNDA:10,(anonymous_2)
FNDA:5,(anonymous_3)
FNDA:10,(anonymous_4)
FNDA:10,(anonymous_5)
FNDA:10,(anonymous_6)
FNDA:4,(anonymous_7)
FNDA:2,(anonymous_8)
FNDA:6,(anonymous_9)
DA:13,1
DA:14,10
DA:17,10
DA:19,0
DA:20,0
DA:21,0
DA:22,0
DA:33,10
DA:34,10
DA:35,5
DA:37,1
DA:38,1
DA:39,1
DA:41,1
DA:42,1
DA:43,1
DA:45,1
DA:46,1
DA:47,1
DA:49,1
DA:50,1
DA:51,1
DA:55,10
DA:56,10
DA:60,10
DA:61,10
DA:62,10
DA:63,160
DA:65,10
DA:69,10
DA:70,10
DA:72,10
DA:73,4
DA:75,1
DA:76,2
DA:82,1
DA:84,3
DA:88,10
DA:89,6
DA:93,10
LF:40
LH:36
BRDA:19,0,0,0
BRDA:19,0,1,0
BRDA:19,1,0,0
BRDA:19,1,1,0
BRDA:20,2,0,0
BRDA:20,2,1,0
BRDA:21,3,0,0
BRDA:21,3,1,0
BRDA:35,4,0,1
BRDA:35,4,1,1
BRDA:35,4,2,1
BRDA:35,4,3,1
BRDA:73,5,0,1
BRDA:73,5,1,3
BRF:14
BRH:6
end_of_record
TN:
SF:src/components/ScorePanel/ScorePanel.tsx
FN:9,(anonymous_0)
FN:21,(anonymous_1)
FN:25,(anonymous_2)
FN:26,(anonymous_3)
FNF:4
FNH:4
FNDA:26,(anonymous_0)
FNDA:18,(anonymous_1)
FNDA:2,(anonymous_2)
FNDA:5,(anonymous_3)
DA:9,1
DA:10,26
DA:19,26
DA:21,26
DA:22,18
DA:23,18
DA:24,5
DA:25,5
DA:26,5
DA:28,13
DA:31,26
LF:11
LH:11
BRDA:23,0,0,5
BRDA:23,0,1,13
BRDA:36,1,0,26
BRDA:36,1,1,5
BRF:4
BRH:4
end_of_record
TN:
SF:src/components/ThemeSwitcher/ThemeSwitcher.tsx
FN:5,(anonymous_0)
FN:6,(anonymous_1)
FN:14,(anonymous_2)
FNF:3
FNH:3
FNDA:8,(anonymous_0)
FNDA:5,(anonymous_1)
FNDA:8,(anonymous_2)
DA:5,1
DA:6,8
DA:7,5
DA:8,5
DA:9,5
DA:10,5
DA:14,8
DA:15,8
DA:16,8
DA:19,8
LF:10
LH:10
BRDA:8,0,0,3
BRDA:8,0,1,2
BRF:2
BRH:2
end_of_record
TN:
SF:src/components/Tile/Tile.tsx
FN:10,(anonymous_0)
FNF:1
FNH:1
FNDA:25,(anonymous_0)
DA:10,2
DA:11,25
DA:14,25
DA:19,25
DA:25,25
LF:5
LH:5
BRF:0
BRH:0
end_of_record
TN:
SF:src/hooks/useGame.ts
FN:29,(anonymous_0)
FN:30,(anonymous_1)
FN:37,(anonymous_2)
FN:48,(anonymous_3)
FN:74,(anonymous_4)
FN:90,(anonymous_5)
FN:107,(anonymous_6)
FN:119,(anonymous_7)
FN:130,(anonymous_8)
FN:137,(anonymous_9)
FN:154,(anonymous_10)
FNF:11
FNH:11
FNDA:19,(anonymous_0)
FNDA:52,(anonymous_1)
FNDA:88,(anonymous_2)
FNDA:21,(anonymous_3)
FNDA:25,(anonymous_4)
FNDA:88,(anonymous_5)
FNDA:23,(anonymous_6)
FNDA:19,(anonymous_7)
FNDA:22,(anonymous_8)
FNDA:23,(anonymous_9)
FNDA:8,(anonymous_10)
DA:29,1
DA:30,52
DA:37,1
DA:38,88
DA:39,88
DA:40,88
DA:41,88
DA:42,88
DA:43,88
DA:46,88
DA:48,88
DA:49,21
DA:55,21
DA:56,21
DA:58,21
DA:60,21
DA:61,21
DA:62,21
DA:64,21
DA:65,21
DA:66,21
DA:67,21
DA:70,21
DA:74,88
DA:75,25
DA:76,25
DA:77,7
DA:78,7
DA:79,7
DA:80,7
DA:81,7
DA:83,18
DA:85,25
DA:90,88
DA:91,88
DA:92,63
DA:99,63
DA:101,63
DA:102,11
DA:103,11
DA:107,88
DA:108,23
DA:110,3
DA:111,3
DA:113,20
DA:115,20
DA:117,20
DA:119,19
DA:126,19
DA:127,19
DA:130,22
DA:131,1
DA:136,19
DA:137,23
DA:139,19
DA:140,19
DA:141,19
DA:144,19
DA:147,19
DA:148,0
DA:154,88
DA:155,8
DA:157,7
DA:158,7
DA:160,7
DA:161,7
DA:162,7
DA:163,7
DA:164,7
DA:168,88
DA:170,88
LF:71
LH:70
BRDA:33,0,0,0
BRDA:33,0,1,52
BRDA:56,1,0,21
BRDA:56,1,1,0
BRDA:61,2,0,21
BRDA:61,2,1,0
BRDA:62,3,0,21
BRDA:62,3,1,0
BRDA:76,4,0,7
BRDA:76,4,1,18
BRDA:91,5,0,25
BRDA:91,5,1,63
BRDA:101,6,0,11
BRDA:101,6,1,52
BRDA:108,7,0,3
BRDA:108,7,1,20
BRDA:108,8,0,23
BRDA:108,8,1,22
BRDA:108,8,2,21
BRDA:108,8,3,2
BRDA:110,9,0,2
BRDA:110,9,1,1
BRDA:113,10,0,0
BRDA:113,10,1,20
BRDA:117,11,0,19
BRDA:117,11,1,1
BRDA:130,12,0,1
BRDA:130,12,1,18
BRDA:130,13,0,19
BRDA:130,13,1,18
BRDA:140,14,0,19
BRDA:140,14,1,0
BRDA:147,15,0,0
BRDA:147,15,1,19
BRDA:155,16,0,1
BRDA:155,16,1,7
BRF:36
BRH:29
end_of_record
TN:
SF:src/utils/gameLogic.ts
FN:28,(anonymous_0)
FN:29,(anonymous_1)
FN:30,(anonymous_2)
FN:34,(anonymous_3)
FN:46,(anonymous_4)
FN:52,(anonymous_5)
FN:64,(anonymous_6)
FN:69,(anonymous_7)
FN:79,(anonymous_8)
FN:90,(anonymous_9)
FN:95,(anonymous_10)
FN:128,(anonymous_11)
FN:131,(anonymous_12)
FN:154,(anonymous_13)
FN:197,(anonymous_14)
FN:208,(anonymous_15)
FNF:16
FNH:16
FNDA:100,(anonymous_0)
FNDA:400,(anonymous_1)
FNDA:1600,(anonymous_2)
FNDA:12,(anonymous_3)
FNDA:8,(anonymous_4)
FNDA:8,(anonymous_5)
FNDA:4,(anonymous_6)
FNDA:8,(anonymous_7)
FNDA:8,(anonymous_8)
FNDA:6,(anonymous_9)
FNDA:32,(anonymous_10)
FNDA:20,(anonymous_11)
FNDA:43,(anonymous_12)
FNDA:320,(anonymous_13)
FNDA:26,(anonymous_14)
FNDA:26,(anonymous_15)
DA:26,3
DA:28,3
DA:29,100
DA:30,1600
DA:34,3
DA:35,12
DA:36,12
DA:37,48
DA:38,192
DA:39,148
DA:43,12
DA:46,3
DA:47,8
DA:48,8
DA:49,7
DA:52,3
DA:53,8
DA:54,8
DA:56,7
DA:64,3
DA:65,4
DA:69,3
DA:70,8
DA:71,8
DA:72,32
DA:73,128
DA:76,8
DA:79,3
DA:80,8
DA:81,8
DA:82,32
DA:83,128
DA:86,8
DA:90,3
DA:91,6
DA:94,2
DA:95,2
DA:96,32
DA:99,2
DA:100,5
DA:101,17
DA:102,17
DA:105,17
DA:106,13
DA:107,13
DA:111,16
DA:112,12
DA:113,12
DA:117,1
DA:128,3
DA:130,20
DA:131,20
DA:133,43
DA:134,43
DA:135,43
DA:139,20
DA:140,2
DA:141,18
DA:142,2
DA:143,2
DA:144,16
DA:145,2
DA:149,20
DA:150,20
DA:151,20
DA:153,20
DA:154,320
DA:155,80
DA:157,80
DA:159,80
DA:160,43
DA:161,17
DA:162,17
DA:165,26
DA:166,26
DA:168,26
DA:170,17
DA:176,17
DA:177,17
DA:178,17
DA:179,17
DA:182,9
DA:183,4
DA:188,9
DA:197,80
DA:199,26
DA:200,26
DA:207,80
DA:208,80
DA:211,80
DA:212,2
DA:213,18
DA:214,2
DA:215,2
DA:216,16
DA:217,2
DA:221,20
DA:222,20
DA:223,80
DA:224,320
DA:225,320
DA:226,26
DA:227,26
DA:238,20
LF:104
LH:104
BRDA:38,0,0,148
BRDA:38,0,1,44
BRDA:48,1,0,1
BRDA:48,1,1,7
BRDA:54,2,0,1
BRDA:54,2,1,7
BRDA:58,3,0,6
BRDA:58,3,1,1
BRDA:65,4,0,4
BRDA:65,4,1,2
BRDA:91,5,0,4
BRDA:91,5,1,2
BRDA:102,6,0,0
BRDA:102,6,1,17
BRDA:105,7,0,13
BRDA:105,7,1,4
BRDA:107,8,0,1
BRDA:107,8,1,12
BRDA:107,9,0,13
BRDA:107,9,1,13
BRDA:111,10,0,12
BRDA:111,10,1,4
BRDA:113,11,0,0
BRDA:113,11,1,12
BRDA:113,12,0,12
BRDA:113,12,1,12
BRDA:139,13,0,2
BRDA:139,13,1,18
BRDA:141,14,0,2
BRDA:141,14,1,16
BRDA:144,15,0,2
BRDA:144,15,1,14
BRDA:160,16,0,17
BRDA:160,16,1,26
BRDA:168,17,0,17
BRDA:168,17,1,9
BRDA:168,18,0,26
BRDA:168,18,1,18
BRDA:182,19,0,4
BRDA:182,19,1,5
BRDA:211,20,0,2
BRDA:211,20,1,18
BRDA:213,21,0,2
BRDA:213,21,1,16
BRDA:216,22,0,2
BRDA:216,22,1,14
BRDA:225,23,0,26
BRDA:225,23,1,294
BRF:48
BRH:46
end_of_record
TN:
SF:src/utils/storage.ts
FN:7,(anonymous_0)
FN:12,(anonymous_1)
FN:16,(anonymous_2)
FN:20,(anonymous_3)
FN:24,(anonymous_4)
FN:28,(anonymous_5)
FNF:6
FNH:6
FNDA:6,(anonymous_0)
FNDA:2,(anonymous_1)
FNDA:4,(anonymous_2)
FNDA:2,(anonymous_3)
FNDA:1,(anonymous_4)
FNDA:7,(anonymous_5)
DA:3,1
DA:4,1
DA:5,1
DA:7,1
DA:8,6
DA:9,6
DA:12,1
DA:13,2
DA:16,1
DA:17,4
DA:20,1
DA:21,2
DA:24,1
DA:25,1
DA:28,1
DA:29,7
DA:30,7
LF:17
LH:17
BRDA:9,0,0,4
BRDA:9,0,1,2
BRDA:17,1,0,4
BRDA:17,1,1,1
BRDA:30,2,0,6
BRDA:30,2,1,1
BRF:6
BRH:6
end_of_record
